2022-12-16 15:41:53 DEBUG TelegramBot:31 - Hello my friend
2022-12-16 15:46:33 DEBUG TelegramBot:33 - You
2022-12-16 15:55:16 DEBUG TelegramBot:35 - Привет
2022-12-17 15:21:03 DEBUG UpdateProducerImpl:13 - Привет
2022-12-17 15:21:25 DEBUG UpdateProducerImpl:13 - 
2022-12-19 12:52:45 DEBUG UpdateProducerImpl:22 - Hello my friend
2022-12-19 19:10:38 DEBUG UpdateProducerImpl:22 - Привет
2022-12-20 14:13:05 DEBUG UpdateProducerImpl:22 - Hello
2022-12-20 18:05:02 DEBUG UpdateProducerImpl:22 - Hello 2
2022-12-20 23:23:29 DEBUG UpdateProducerImpl:22 - 
2022-12-20 23:23:52 DEBUG UpdateProducerImpl:22 - Привет
2022-12-21 00:25:09 DEBUG UpdateProducerImpl:22 - Привет 5
2022-12-21 10:23:54 DEBUG UpdateProducerImpl:22 - /start
2022-12-21 10:23:58 DEBUG UpdateProducerImpl:22 - /help
2022-12-21 10:24:01 DEBUG UpdateProducerImpl:22 - /registration
2022-12-21 10:24:04 DEBUG UpdateProducerImpl:22 - /cancel
2022-12-22 09:20:17 DEBUG UpdateProducerImpl:22 - 
2022-12-22 09:22:07 DEBUG UpdateProducerImpl:22 - 
2022-12-22 09:23:59 DEBUG UpdateProducerImpl:22 - 
2022-12-22 09:38:36 DEBUG UpdateProducerImpl:22 - 
2022-12-22 09:57:20 DEBUG UpdateProducerImpl:22 - 
2022-12-22 14:53:03 DEBUG UpdateProducerImpl:22 - 
2022-12-23 01:17:01 DEBUG UpdateProducerImpl:22 - 
2022-12-23 01:19:50 DEBUG UpdateProducerImpl:22 - 
2022-12-23 01:31:17 DEBUG UpdateProducerImpl:22 - 
2022-12-25 13:59:08 DEBUG UpdateProducerImpl:22 - 
2022-12-25 13:59:43 DEBUG UpdateProducerImpl:22 - 
2022-12-25 14:00:05 DEBUG UpdateProducerImpl:22 - 
2022-12-25 14:01:56 DEBUG UpdateProducerImpl:22 - 
2022-12-25 14:02:30 DEBUG UpdateProducerImpl:22 - 
2022-12-25 14:04:31 DEBUG UpdateProducerImpl:22 - 
2023-01-04 23:35:13 DEBUG UpdateProducerImpl:22 - 
2023-01-04 23:36:16 DEBUG UpdateProducerImpl:22 - 
2023-01-04 23:37:07 DEBUG UpdateProducerImpl:22 - /help
2023-01-04 23:37:10 DEBUG UpdateProducerImpl:22 - /registration
2023-01-04 23:39:44 DEBUG UpdateProducerImpl:22 - 
2023-01-04 23:39:52 DEBUG UpdateProducerImpl:22 - /help
2023-01-04 23:39:54 DEBUG UpdateProducerImpl:22 - /registration
2023-01-04 23:48:14 DEBUG UpdateProducerImpl:22 - 
2023-01-04 23:48:21 DEBUG UpdateProducerImpl:22 - /help
2023-01-04 23:48:23 DEBUG UpdateProducerImpl:22 - /registration
